2025-05-21 17:26:40,219 [INFO] Starting Mercadona scraping at: 2025-05-21 17:26:40.219042
2025-05-21 17:26:51,771 [INFO] Trying to enter postal code...
2025-05-21 17:26:51,890 [INFO] Entered postal code: 03005
2025-05-21 17:26:51,933 [INFO] Found submit button using selector: form button
2025-05-21 17:26:53,046 [INFO] Clicked submit button directly
2025-05-21 17:26:58,053 [INFO] Current URL after postal code entry: https://tienda.mercadona.es/
2025-05-21 17:26:58,162 [INFO] Accepted cookies using selector: //button[normalize-space()='Aceptar']
2025-05-21 17:27:00,208 [INFO] Current URL before exploring categories: https://tienda.mercadona.es/
2025-05-21 17:27:00,443 [INFO] Screenshot saved as data/raw\debug\before_categories.png
2025-05-21 17:27:04,050 [INFO] Found 26 main categories
2025-05-21 17:27:04,072 [INFO] 
Exploring main category 1/26: Aceite especias y salsas
2025-05-21 17:27:07,626 [INFO] Found 4 subcategories in Aceite especias y salsas
2025-05-21 17:27:07,633 [INFO]   Exploring subcategory 1/4: Aceite, vinagre y sal
2025-05-21 17:27:11,607 [INFO]     Category ID: 112
2025-05-21 17:27:11,618 [INFO] Found 34 products in Aceite especias y salsas > Aceite, vinagre y sal
2025-05-21 17:27:11,890 [INFO]   Exploring subcategory 2/4: Especias
2025-05-21 17:27:15,939 [ERROR]   Error processing subcategory Especias: Message: invalid session id: session deleted as the browser has closed the connection
from disconnected: not connected to DevTools
  (Session info: chrome=136.0.7103.114)
Stacktrace:
	GetHandleVerifier [0x00007FF741F4CF65+75717]
	GetHandleVerifier [0x00007FF741F4CFC0+75808]
	(No symbol) [0x00007FF741D18F9A]
	(No symbol) [0x00007FF741D04E35]
	(No symbol) [0x00007FF741D29DB4]
	(No symbol) [0x00007FF741D9EE75]
	(No symbol) [0x00007FF741DBECC2]
	(No symbol) [0x00007FF741D97153]
	(No symbol) [0x00007FF741D60421]
	(No symbol) [0x00007FF741D611B3]
	GetHandleVerifier [0x00007FF74224D74D+3223469]
	GetHandleVerifier [0x00007FF742247CF2+3200338]
	GetHandleVerifier [0x00007FF742265B23+3322755]
	GetHandleVerifier [0x00007FF741F66A3A+180890]
	GetHandleVerifier [0x00007FF741F6E13F+211359]
	GetHandleVerifier [0x00007FF741F552B4+109332]
	GetHandleVerifier [0x00007FF741F55462+109762]
	GetHandleVerifier [0x00007FF741F3BA79+4825]
	BaseThreadInitThunk [0x00007FFECC857374+20]
	RtlUserThreadStart [0x00007FFECE61CC91+33]

2025-05-21 17:27:15,943 [ERROR] Error getting subcategories for Aceite especias y salsas: Message: invalid session id
Stacktrace:
	GetHandleVerifier [0x00007FF741F4CF65+75717]
	GetHandleVerifier [0x00007FF741F4CFC0+75808]
	(No symbol) [0x00007FF741D18DCC]
	(No symbol) [0x00007FF741D5F54F]
	(No symbol) [0x00007FF741D97242]
	(No symbol) [0x00007FF741D91C63]
	(No symbol) [0x00007FF741D90D29]
	(No symbol) [0x00007FF741CE5A55]
	GetHandleVerifier [0x00007FF74224D74D+3223469]
	GetHandleVerifier [0x00007FF742247CF2+3200338]
	GetHandleVerifier [0x00007FF742265B23+3322755]
	GetHandleVerifier [0x00007FF741F66A3A+180890]
	GetHandleVerifier [0x00007FF741F6E13F+211359]
	(No symbol) [0x00007FF741CE4AC8]
	GetHandleVerifier [0x00007FF742336FF8+4180056]
	BaseThreadInitThunk [0x00007FFECC857374+20]
	RtlUserThreadStart [0x00007FFECE61CC91+33]

2025-05-21 17:27:15,946 [ERROR] Error processing main category: Message: invalid session id
Stacktrace:
	GetHandleVerifier [0x00007FF741F4CF65+75717]
	GetHandleVerifier [0x00007FF741F4CFC0+75808]
	(No symbol) [0x00007FF741D18DCC]
	(No symbol) [0x00007FF741D5F54F]
	(No symbol) [0x00007FF741D97242]
	(No symbol) [0x00007FF741D91C63]
	(No symbol) [0x00007FF741D90D29]
	(No symbol) [0x00007FF741CE5A55]
	GetHandleVerifier [0x00007FF74224D74D+3223469]
	GetHandleVerifier [0x00007FF742247CF2+3200338]
	GetHandleVerifier [0x00007FF742265B23+3322755]
	GetHandleVerifier [0x00007FF741F66A3A+180890]
	GetHandleVerifier [0x00007FF741F6E13F+211359]
	(No symbol) [0x00007FF741CE4AC8]
	GetHandleVerifier [0x00007FF742336FF8+4180056]
	BaseThreadInitThunk [0x00007FFECC857374+20]
	RtlUserThreadStart [0x00007FFECE61CC91+33]

2025-05-21 17:27:15,949 [ERROR] Error processing main category: Message: invalid session id
Stacktrace:
	GetHandleVerifier [0x00007FF741F4CF65+75717]
	GetHandleVerifier [0x00007FF741F4CFC0+75808]
	(No symbol) [0x00007FF741D18DCC]
	(No symbol) [0x00007FF741D5F54F]
	(No symbol) [0x00007FF741D97242]
	(No symbol) [0x00007FF741D91C63]
	(No symbol) [0x00007FF741D90D29]
	(No symbol) [0x00007FF741CE5A55]
	GetHandleVerifier [0x00007FF74224D74D+3223469]
	GetHandleVerifier [0x00007FF742247CF2+3200338]
	GetHandleVerifier [0x00007FF742265B23+3322755]
	GetHandleVerifier [0x00007FF741F66A3A+180890]
	GetHandleVerifier [0x00007FF741F6E13F+211359]
	(No symbol) [0x00007FF741CE4AC8]
	GetHandleVerifier [0x00007FF742336FF8+4180056]
	BaseThreadInitThunk [0x00007FFECC857374+20]
	RtlUserThreadStart [0x00007FFECE61CC91+33]

2025-05-21 17:27:15,952 [ERROR] Error processing main category: Message: invalid session id
Stacktrace:
	GetHandleVerifier [0x00007FF741F4CF65+75717]
	GetHandleVerifier [0x00007FF741F4CFC0+75808]
	(No symbol) [0x00007FF741D18DCC]
	(No symbol) [0x00007FF741D5F54F]
	(No symbol) [0x00007FF741D97242]
	(No symbol) [0x00007FF741D91C63]
	(No symbol) [0x00007FF741D90D29]
	(No symbol) [0x00007FF741CE5A55]
	GetHandleVerifier [0x00007FF74224D74D+3223469]
	GetHandleVerifier [0x00007FF742247CF2+3200338]
	GetHandleVerifier [0x00007FF742265B23+3322755]
	GetHandleVerifier [0x00007FF741F66A3A+180890]
	GetHandleVerifier [0x00007FF741F6E13F+211359]
	(No symbol) [0x00007FF741CE4AC8]
	GetHandleVerifier [0x00007FF742336FF8+4180056]
	BaseThreadInitThunk [0x00007FFECC857374+20]
	RtlUserThreadStart [0x00007FFECE61CC91+33]

2025-05-21 17:27:15,956 [ERROR] Error processing main category: Message: invalid session id
Stacktrace:
	GetHandleVerifier [0x00007FF741F4CF65+75717]
	GetHandleVerifier [0x00007FF741F4CFC0+75808]
	(No symbol) [0x00007FF741D18DCC]
	(No symbol) [0x00007FF741D5F54F]
	(No symbol) [0x00007FF741D97242]
	(No symbol) [0x00007FF741D91C63]
	(No symbol) [0x00007FF741D90D29]
	(No symbol) [0x00007FF741CE5A55]
	GetHandleVerifier [0x00007FF74224D74D+3223469]
	GetHandleVerifier [0x00007FF742247CF2+3200338]
	GetHandleVerifier [0x00007FF742265B23+3322755]
	GetHandleVerifier [0x00007FF741F66A3A+180890]
	GetHandleVerifier [0x00007FF741F6E13F+211359]
	(No symbol) [0x00007FF741CE4AC8]
	GetHandleVerifier [0x00007FF742336FF8+4180056]
	BaseThreadInitThunk [0x00007FFECC857374+20]
	RtlUserThreadStart [0x00007FFECE61CC91+33]

2025-05-21 17:27:15,959 [ERROR] Error processing main category: Message: invalid session id
Stacktrace:
	GetHandleVerifier [0x00007FF741F4CF65+75717]
	GetHandleVerifier [0x00007FF741F4CFC0+75808]
	(No symbol) [0x00007FF741D18DCC]
	(No symbol) [0x00007FF741D5F54F]
	(No symbol) [0x00007FF741D97242]
	(No symbol) [0x00007FF741D91C63]
	(No symbol) [0x00007FF741D90D29]
	(No symbol) [0x00007FF741CE5A55]
	GetHandleVerifier [0x00007FF74224D74D+3223469]
	GetHandleVerifier [0x00007FF742247CF2+3200338]
	GetHandleVerifier [0x00007FF742265B23+3322755]
	GetHandleVerifier [0x00007FF741F66A3A+180890]
	GetHandleVerifier [0x00007FF741F6E13F+211359]
	(No symbol) [0x00007FF741CE4AC8]
	GetHandleVerifier [0x00007FF742336FF8+4180056]
	BaseThreadInitThunk [0x00007FFECC857374+20]
	RtlUserThreadStart [0x00007FFECE61CC91+33]

2025-05-21 17:27:15,964 [ERROR] Error processing main category: Message: invalid session id
Stacktrace:
	GetHandleVerifier [0x00007FF741F4CF65+75717]
	GetHandleVerifier [0x00007FF741F4CFC0+75808]
	(No symbol) [0x00007FF741D18DCC]
	(No symbol) [0x00007FF741D5F54F]
	(No symbol) [0x00007FF741D97242]
	(No symbol) [0x00007FF741D91C63]
	(No symbol) [0x00007FF741D90D29]
	(No symbol) [0x00007FF741CE5A55]
	GetHandleVerifier [0x00007FF74224D74D+3223469]
	GetHandleVerifier [0x00007FF742247CF2+3200338]
	GetHandleVerifier [0x00007FF742265B23+3322755]
	GetHandleVerifier [0x00007FF741F66A3A+180890]
	GetHandleVerifier [0x00007FF741F6E13F+211359]
	(No symbol) [0x00007FF741CE4AC8]
	GetHandleVerifier [0x00007FF742336FF8+4180056]
	BaseThreadInitThunk [0x00007FFECC857374+20]
	RtlUserThreadStart [0x00007FFECE61CC91+33]

2025-05-21 17:27:15,968 [ERROR] Error processing main category: Message: invalid session id
Stacktrace:
	GetHandleVerifier [0x00007FF741F4CF65+75717]
	GetHandleVerifier [0x00007FF741F4CFC0+75808]
	(No symbol) [0x00007FF741D18DCC]
	(No symbol) [0x00007FF741D5F54F]
	(No symbol) [0x00007FF741D97242]
	(No symbol) [0x00007FF741D91C63]
	(No symbol) [0x00007FF741D90D29]
	(No symbol) [0x00007FF741CE5A55]
	GetHandleVerifier [0x00007FF74224D74D+3223469]
	GetHandleVerifier [0x00007FF742247CF2+3200338]
	GetHandleVerifier [0x00007FF742265B23+3322755]
	GetHandleVerifier [0x00007FF741F66A3A+180890]
	GetHandleVerifier [0x00007FF741F6E13F+211359]
	(No symbol) [0x00007FF741CE4AC8]
	GetHandleVerifier [0x00007FF742336FF8+4180056]
	BaseThreadInitThunk [0x00007FFECC857374+20]
	RtlUserThreadStart [0x00007FFECE61CC91+33]

2025-05-21 17:27:15,971 [ERROR] Error processing main category: Message: invalid session id
Stacktrace:
	GetHandleVerifier [0x00007FF741F4CF65+75717]
	GetHandleVerifier [0x00007FF741F4CFC0+75808]
	(No symbol) [0x00007FF741D18DCC]
	(No symbol) [0x00007FF741D5F54F]
	(No symbol) [0x00007FF741D97242]
	(No symbol) [0x00007FF741D91C63]
	(No symbol) [0x00007FF741D90D29]
	(No symbol) [0x00007FF741CE5A55]
	GetHandleVerifier [0x00007FF74224D74D+3223469]
	GetHandleVerifier [0x00007FF742247CF2+3200338]
	GetHandleVerifier [0x00007FF742265B23+3322755]
	GetHandleVerifier [0x00007FF741F66A3A+180890]
	GetHandleVerifier [0x00007FF741F6E13F+211359]
	(No symbol) [0x00007FF741CE4AC8]
	GetHandleVerifier [0x00007FF742336FF8+4180056]
	BaseThreadInitThunk [0x00007FFECC857374+20]
	RtlUserThreadStart [0x00007FFECE61CC91+33]

2025-05-21 17:27:15,975 [ERROR] Error processing main category: Message: invalid session id
Stacktrace:
	GetHandleVerifier [0x00007FF741F4CF65+75717]
	GetHandleVerifier [0x00007FF741F4CFC0+75808]
	(No symbol) [0x00007FF741D18DCC]
	(No symbol) [0x00007FF741D5F54F]
	(No symbol) [0x00007FF741D97242]
	(No symbol) [0x00007FF741D91C63]
	(No symbol) [0x00007FF741D90D29]
	(No symbol) [0x00007FF741CE5A55]
	GetHandleVerifier [0x00007FF74224D74D+3223469]
	GetHandleVerifier [0x00007FF742247CF2+3200338]
	GetHandleVerifier [0x00007FF742265B23+3322755]
	GetHandleVerifier [0x00007FF741F66A3A+180890]
	GetHandleVerifier [0x00007FF741F6E13F+211359]
	(No symbol) [0x00007FF741CE4AC8]
	GetHandleVerifier [0x00007FF742336FF8+4180056]
	BaseThreadInitThunk [0x00007FFECC857374+20]
	RtlUserThreadStart [0x00007FFECE61CC91+33]

2025-05-21 17:27:15,979 [ERROR] Error processing main category: Message: invalid session id
Stacktrace:
	GetHandleVerifier [0x00007FF741F4CF65+75717]
	GetHandleVerifier [0x00007FF741F4CFC0+75808]
	(No symbol) [0x00007FF741D18DCC]
	(No symbol) [0x00007FF741D5F54F]
	(No symbol) [0x00007FF741D97242]
	(No symbol) [0x00007FF741D91C63]
	(No symbol) [0x00007FF741D90D29]
	(No symbol) [0x00007FF741CE5A55]
	GetHandleVerifier [0x00007FF74224D74D+3223469]
	GetHandleVerifier [0x00007FF742247CF2+3200338]
	GetHandleVerifier [0x00007FF742265B23+3322755]
	GetHandleVerifier [0x00007FF741F66A3A+180890]
	GetHandleVerifier [0x00007FF741F6E13F+211359]
	(No symbol) [0x00007FF741CE4AC8]
	GetHandleVerifier [0x00007FF742336FF8+4180056]
	BaseThreadInitThunk [0x00007FFECC857374+20]
	RtlUserThreadStart [0x00007FFECE61CC91+33]

2025-05-21 17:27:15,982 [ERROR] Error processing main category: Message: invalid session id
Stacktrace:
	GetHandleVerifier [0x00007FF741F4CF65+75717]
	GetHandleVerifier [0x00007FF741F4CFC0+75808]
	(No symbol) [0x00007FF741D18DCC]
	(No symbol) [0x00007FF741D5F54F]
	(No symbol) [0x00007FF741D97242]
	(No symbol) [0x00007FF741D91C63]
	(No symbol) [0x00007FF741D90D29]
	(No symbol) [0x00007FF741CE5A55]
	GetHandleVerifier [0x00007FF74224D74D+3223469]
	GetHandleVerifier [0x00007FF742247CF2+3200338]
	GetHandleVerifier [0x00007FF742265B23+3322755]
	GetHandleVerifier [0x00007FF741F66A3A+180890]
	GetHandleVerifier [0x00007FF741F6E13F+211359]
	(No symbol) [0x00007FF741CE4AC8]
	GetHandleVerifier [0x00007FF742336FF8+4180056]
	BaseThreadInitThunk [0x00007FFECC857374+20]
	RtlUserThreadStart [0x00007FFECE61CC91+33]

2025-05-21 17:27:15,986 [ERROR] Error processing main category: Message: invalid session id
Stacktrace:
	GetHandleVerifier [0x00007FF741F4CF65+75717]
	GetHandleVerifier [0x00007FF741F4CFC0+75808]
	(No symbol) [0x00007FF741D18DCC]
	(No symbol) [0x00007FF741D5F54F]
	(No symbol) [0x00007FF741D97242]
	(No symbol) [0x00007FF741D91C63]
	(No symbol) [0x00007FF741D90D29]
	(No symbol) [0x00007FF741CE5A55]
	GetHandleVerifier [0x00007FF74224D74D+3223469]
	GetHandleVerifier [0x00007FF742247CF2+3200338]
	GetHandleVerifier [0x00007FF742265B23+3322755]
	GetHandleVerifier [0x00007FF741F66A3A+180890]
	GetHandleVerifier [0x00007FF741F6E13F+211359]
	(No symbol) [0x00007FF741CE4AC8]
	GetHandleVerifier [0x00007FF742336FF8+4180056]
	BaseThreadInitThunk [0x00007FFECC857374+20]
	RtlUserThreadStart [0x00007FFECE61CC91+33]

2025-05-21 17:27:15,989 [ERROR] Error processing main category: Message: invalid session id
Stacktrace:
	GetHandleVerifier [0x00007FF741F4CF65+75717]
	GetHandleVerifier [0x00007FF741F4CFC0+75808]
	(No symbol) [0x00007FF741D18DCC]
	(No symbol) [0x00007FF741D5F54F]
	(No symbol) [0x00007FF741D97242]
	(No symbol) [0x00007FF741D91C63]
	(No symbol) [0x00007FF741D90D29]
	(No symbol) [0x00007FF741CE5A55]
	GetHandleVerifier [0x00007FF74224D74D+3223469]
	GetHandleVerifier [0x00007FF742247CF2+3200338]
	GetHandleVerifier [0x00007FF742265B23+3322755]
	GetHandleVerifier [0x00007FF741F66A3A+180890]
	GetHandleVerifier [0x00007FF741F6E13F+211359]
	(No symbol) [0x00007FF741CE4AC8]
	GetHandleVerifier [0x00007FF742336FF8+4180056]
	BaseThreadInitThunk [0x00007FFECC857374+20]
	RtlUserThreadStart [0x00007FFECE61CC91+33]

2025-05-21 17:27:16,002 [ERROR] Error processing main category: Message: invalid session id
Stacktrace:
	GetHandleVerifier [0x00007FF741F4CF65+75717]
	GetHandleVerifier [0x00007FF741F4CFC0+75808]
	(No symbol) [0x00007FF741D18DCC]
	(No symbol) [0x00007FF741D5F54F]
	(No symbol) [0x00007FF741D97242]
	(No symbol) [0x00007FF741D91C63]
	(No symbol) [0x00007FF741D90D29]
	(No symbol) [0x00007FF741CE5A55]
	GetHandleVerifier [0x00007FF74224D74D+3223469]
	GetHandleVerifier [0x00007FF742247CF2+3200338]
	GetHandleVerifier [0x00007FF742265B23+3322755]
	GetHandleVerifier [0x00007FF741F66A3A+180890]
	GetHandleVerifier [0x00007FF741F6E13F+211359]
	(No symbol) [0x00007FF741CE4AC8]
	GetHandleVerifier [0x00007FF742336FF8+4180056]
	BaseThreadInitThunk [0x00007FFECC857374+20]
	RtlUserThreadStart [0x00007FFECE61CC91+33]

2025-05-21 17:27:16,010 [ERROR] Error processing main category: Message: invalid session id
Stacktrace:
	GetHandleVerifier [0x00007FF741F4CF65+75717]
	GetHandleVerifier [0x00007FF741F4CFC0+75808]
	(No symbol) [0x00007FF741D18DCC]
	(No symbol) [0x00007FF741D5F54F]
	(No symbol) [0x00007FF741D97242]
	(No symbol) [0x00007FF741D91C63]
	(No symbol) [0x00007FF741D90D29]
	(No symbol) [0x00007FF741CE5A55]
	GetHandleVerifier [0x00007FF74224D74D+3223469]
	GetHandleVerifier [0x00007FF742247CF2+3200338]
	GetHandleVerifier [0x00007FF742265B23+3322755]
	GetHandleVerifier [0x00007FF741F66A3A+180890]
	GetHandleVerifier [0x00007FF741F6E13F+211359]
	(No symbol) [0x00007FF741CE4AC8]
	GetHandleVerifier [0x00007FF742336FF8+4180056]
	BaseThreadInitThunk [0x00007FFECC857374+20]
	RtlUserThreadStart [0x00007FFECE61CC91+33]

2025-05-21 17:27:16,017 [ERROR] Error processing main category: Message: invalid session id
Stacktrace:
	GetHandleVerifier [0x00007FF741F4CF65+75717]
	GetHandleVerifier [0x00007FF741F4CFC0+75808]
	(No symbol) [0x00007FF741D18DCC]
	(No symbol) [0x00007FF741D5F54F]
	(No symbol) [0x00007FF741D97242]
	(No symbol) [0x00007FF741D91C63]
	(No symbol) [0x00007FF741D90D29]
	(No symbol) [0x00007FF741CE5A55]
	GetHandleVerifier [0x00007FF74224D74D+3223469]
	GetHandleVerifier [0x00007FF742247CF2+3200338]
	GetHandleVerifier [0x00007FF742265B23+3322755]
	GetHandleVerifier [0x00007FF741F66A3A+180890]
	GetHandleVerifier [0x00007FF741F6E13F+211359]
	(No symbol) [0x00007FF741CE4AC8]
	GetHandleVerifier [0x00007FF742336FF8+4180056]
	BaseThreadInitThunk [0x00007FFECC857374+20]
	RtlUserThreadStart [0x00007FFECE61CC91+33]

2025-05-21 17:27:16,023 [ERROR] Error processing main category: Message: invalid session id
Stacktrace:
	GetHandleVerifier [0x00007FF741F4CF65+75717]
	GetHandleVerifier [0x00007FF741F4CFC0+75808]
	(No symbol) [0x00007FF741D18DCC]
	(No symbol) [0x00007FF741D5F54F]
	(No symbol) [0x00007FF741D97242]
	(No symbol) [0x00007FF741D91C63]
	(No symbol) [0x00007FF741D90D29]
	(No symbol) [0x00007FF741CE5A55]
	GetHandleVerifier [0x00007FF74224D74D+3223469]
	GetHandleVerifier [0x00007FF742247CF2+3200338]
	GetHandleVerifier [0x00007FF742265B23+3322755]
	GetHandleVerifier [0x00007FF741F66A3A+180890]
	GetHandleVerifier [0x00007FF741F6E13F+211359]
	(No symbol) [0x00007FF741CE4AC8]
	GetHandleVerifier [0x00007FF742336FF8+4180056]
	BaseThreadInitThunk [0x00007FFECC857374+20]
	RtlUserThreadStart [0x00007FFECE61CC91+33]

2025-05-21 17:27:16,031 [ERROR] Error processing main category: Message: invalid session id
Stacktrace:
	GetHandleVerifier [0x00007FF741F4CF65+75717]
	GetHandleVerifier [0x00007FF741F4CFC0+75808]
	(No symbol) [0x00007FF741D18DCC]
	(No symbol) [0x00007FF741D5F54F]
	(No symbol) [0x00007FF741D97242]
	(No symbol) [0x00007FF741D91C63]
	(No symbol) [0x00007FF741D90D29]
	(No symbol) [0x00007FF741CE5A55]
	GetHandleVerifier [0x00007FF74224D74D+3223469]
	GetHandleVerifier [0x00007FF742247CF2+3200338]
	GetHandleVerifier [0x00007FF742265B23+3322755]
	GetHandleVerifier [0x00007FF741F66A3A+180890]
	GetHandleVerifier [0x00007FF741F6E13F+211359]
	(No symbol) [0x00007FF741CE4AC8]
	GetHandleVerifier [0x00007FF742336FF8+4180056]
	BaseThreadInitThunk [0x00007FFECC857374+20]
	RtlUserThreadStart [0x00007FFECE61CC91+33]

2025-05-21 17:27:16,042 [ERROR] Error processing main category: Message: invalid session id
Stacktrace:
	GetHandleVerifier [0x00007FF741F4CF65+75717]
	GetHandleVerifier [0x00007FF741F4CFC0+75808]
	(No symbol) [0x00007FF741D18DCC]
	(No symbol) [0x00007FF741D5F54F]
	(No symbol) [0x00007FF741D97242]
	(No symbol) [0x00007FF741D91C63]
	(No symbol) [0x00007FF741D90D29]
	(No symbol) [0x00007FF741CE5A55]
	GetHandleVerifier [0x00007FF74224D74D+3223469]
	GetHandleVerifier [0x00007FF742247CF2+3200338]
	GetHandleVerifier [0x00007FF742265B23+3322755]
	GetHandleVerifier [0x00007FF741F66A3A+180890]
	GetHandleVerifier [0x00007FF741F6E13F+211359]
	(No symbol) [0x00007FF741CE4AC8]
	GetHandleVerifier [0x00007FF742336FF8+4180056]
	BaseThreadInitThunk [0x00007FFECC857374+20]
	RtlUserThreadStart [0x00007FFECE61CC91+33]

2025-05-21 17:27:16,054 [ERROR] Error processing main category: Message: invalid session id
Stacktrace:
	GetHandleVerifier [0x00007FF741F4CF65+75717]
	GetHandleVerifier [0x00007FF741F4CFC0+75808]
	(No symbol) [0x00007FF741D18DCC]
	(No symbol) [0x00007FF741D5F54F]
	(No symbol) [0x00007FF741D97242]
	(No symbol) [0x00007FF741D91C63]
	(No symbol) [0x00007FF741D90D29]
	(No symbol) [0x00007FF741CE5A55]
	GetHandleVerifier [0x00007FF74224D74D+3223469]
	GetHandleVerifier [0x00007FF742247CF2+3200338]
	GetHandleVerifier [0x00007FF742265B23+3322755]
	GetHandleVerifier [0x00007FF741F66A3A+180890]
	GetHandleVerifier [0x00007FF741F6E13F+211359]
	(No symbol) [0x00007FF741CE4AC8]
	GetHandleVerifier [0x00007FF742336FF8+4180056]
	BaseThreadInitThunk [0x00007FFECC857374+20]
	RtlUserThreadStart [0x00007FFECE61CC91+33]

2025-05-21 17:27:16,066 [ERROR] Error processing main category: Message: invalid session id
Stacktrace:
	GetHandleVerifier [0x00007FF741F4CF65+75717]
	GetHandleVerifier [0x00007FF741F4CFC0+75808]
	(No symbol) [0x00007FF741D18DCC]
	(No symbol) [0x00007FF741D5F54F]
	(No symbol) [0x00007FF741D97242]
	(No symbol) [0x00007FF741D91C63]
	(No symbol) [0x00007FF741D90D29]
	(No symbol) [0x00007FF741CE5A55]
	GetHandleVerifier [0x00007FF74224D74D+3223469]
	GetHandleVerifier [0x00007FF742247CF2+3200338]
	GetHandleVerifier [0x00007FF742265B23+3322755]
	GetHandleVerifier [0x00007FF741F66A3A+180890]
	GetHandleVerifier [0x00007FF741F6E13F+211359]
	(No symbol) [0x00007FF741CE4AC8]
	GetHandleVerifier [0x00007FF742336FF8+4180056]
	BaseThreadInitThunk [0x00007FFECC857374+20]
	RtlUserThreadStart [0x00007FFECE61CC91+33]

2025-05-21 17:27:16,076 [ERROR] Error processing main category: Message: invalid session id
Stacktrace:
	GetHandleVerifier [0x00007FF741F4CF65+75717]
	GetHandleVerifier [0x00007FF741F4CFC0+75808]
	(No symbol) [0x00007FF741D18DCC]
	(No symbol) [0x00007FF741D5F54F]
	(No symbol) [0x00007FF741D97242]
	(No symbol) [0x00007FF741D91C63]
	(No symbol) [0x00007FF741D90D29]
	(No symbol) [0x00007FF741CE5A55]
	GetHandleVerifier [0x00007FF74224D74D+3223469]
	GetHandleVerifier [0x00007FF742247CF2+3200338]
	GetHandleVerifier [0x00007FF742265B23+3322755]
	GetHandleVerifier [0x00007FF741F66A3A+180890]
	GetHandleVerifier [0x00007FF741F6E13F+211359]
	(No symbol) [0x00007FF741CE4AC8]
	GetHandleVerifier [0x00007FF742336FF8+4180056]
	BaseThreadInitThunk [0x00007FFECC857374+20]
	RtlUserThreadStart [0x00007FFECE61CC91+33]

2025-05-21 17:27:16,083 [ERROR] Error processing main category: Message: invalid session id
Stacktrace:
	GetHandleVerifier [0x00007FF741F4CF65+75717]
	GetHandleVerifier [0x00007FF741F4CFC0+75808]
	(No symbol) [0x00007FF741D18DCC]
	(No symbol) [0x00007FF741D5F54F]
	(No symbol) [0x00007FF741D97242]
	(No symbol) [0x00007FF741D91C63]
	(No symbol) [0x00007FF741D90D29]
	(No symbol) [0x00007FF741CE5A55]
	GetHandleVerifier [0x00007FF74224D74D+3223469]
	GetHandleVerifier [0x00007FF742247CF2+3200338]
	GetHandleVerifier [0x00007FF742265B23+3322755]
	GetHandleVerifier [0x00007FF741F66A3A+180890]
	GetHandleVerifier [0x00007FF741F6E13F+211359]
	(No symbol) [0x00007FF741CE4AC8]
	GetHandleVerifier [0x00007FF742336FF8+4180056]
	BaseThreadInitThunk [0x00007FFECC857374+20]
	RtlUserThreadStart [0x00007FFECE61CC91+33]

2025-05-21 17:27:16,087 [ERROR] Error processing main category: Message: invalid session id
Stacktrace:
	GetHandleVerifier [0x00007FF741F4CF65+75717]
	GetHandleVerifier [0x00007FF741F4CFC0+75808]
	(No symbol) [0x00007FF741D18DCC]
	(No symbol) [0x00007FF741D5F54F]
	(No symbol) [0x00007FF741D97242]
	(No symbol) [0x00007FF741D91C63]
	(No symbol) [0x00007FF741D90D29]
	(No symbol) [0x00007FF741CE5A55]
	GetHandleVerifier [0x00007FF74224D74D+3223469]
	GetHandleVerifier [0x00007FF742247CF2+3200338]
	GetHandleVerifier [0x00007FF742265B23+3322755]
	GetHandleVerifier [0x00007FF741F66A3A+180890]
	GetHandleVerifier [0x00007FF741F6E13F+211359]
	(No symbol) [0x00007FF741CE4AC8]
	GetHandleVerifier [0x00007FF742336FF8+4180056]
	BaseThreadInitThunk [0x00007FFECC857374+20]
	RtlUserThreadStart [0x00007FFECE61CC91+33]

2025-05-21 17:27:16,092 [ERROR] Error processing main category: Message: invalid session id
Stacktrace:
	GetHandleVerifier [0x00007FF741F4CF65+75717]
	GetHandleVerifier [0x00007FF741F4CFC0+75808]
	(No symbol) [0x00007FF741D18DCC]
	(No symbol) [0x00007FF741D5F54F]
	(No symbol) [0x00007FF741D97242]
	(No symbol) [0x00007FF741D91C63]
	(No symbol) [0x00007FF741D90D29]
	(No symbol) [0x00007FF741CE5A55]
	GetHandleVerifier [0x00007FF74224D74D+3223469]
	GetHandleVerifier [0x00007FF742247CF2+3200338]
	GetHandleVerifier [0x00007FF742265B23+3322755]
	GetHandleVerifier [0x00007FF741F66A3A+180890]
	GetHandleVerifier [0x00007FF741F6E13F+211359]
	(No symbol) [0x00007FF741CE4AC8]
	GetHandleVerifier [0x00007FF742336FF8+4180056]
	BaseThreadInitThunk [0x00007FFECC857374+20]
	RtlUserThreadStart [0x00007FFECE61CC91+33]

2025-05-21 17:27:16,121 [INFO] Saved 34 products to data/raw\mercadona_products_2025-05-21.csv
2025-05-21 17:27:16,124 [INFO] Also saved to data/raw\mercadona_products_latest.csv for application use
2025-05-21 17:27:18,438 [INFO] Scraping completed. Total products collected: 34
